<?xml version="1.0" encoding="UTF-8"?>
<testsuite xmlns:xsi="http://www.w3.org/2001/XMLSchema-instance" xsi:noNamespaceSchemaLocation="https://maven.apache.org/surefire/maven-surefire-plugin/xsd/surefire-test-report.xsd" name="com.example.GoalTest" time="0.008" tests="8" errors="0" skipped="0" failures="0">
  <properties>
[...]
</properties>
  <testcase name="returningTimeOfGoal" classname="com.example.GoalTest" time="0"/>
  <testcase name="returningAnyGoal" classname="com.example.GoalTest" time="0"/>
  <testcase name="returningAnyAmountOfGoal" classname="com.example.GoalTest" time="0"/>
  <testcase name="verifyWithNegativeAmount" classname="com.example.GoalTest" time="0"/>
  <testcase name="verifyWithNegativeTime" classname="com.example.GoalTest" time="0"/>
  <testcase name="verifyEmptyGoal" classname="com.example.GoalTest" time="0"/>
  <testcase name="verifyEmptyAmountOfGoal" classname="com.example.GoalTest" time="0"/>
  <testcase name="verifyEmptyTimeOfGoal" classname="com.example.GoalTest" time="0"/>
</testsuite>